Using pre-set license
Built from '2021.1/staging' branch; Version is '2021.1.19f1 (5f5eb8bbdc25) revision 6250168'; Using compiler version '192528614'; Build Type 'Release'
OS: 'Windows 10 Pro; OS build 19042.1415; Version 2009; 64bit' Language: 'cs' Physical Memory: 8041 MB
BatchMode: 1, IsHumanControllingUs: 0, StartBugReporterOnCrash: 0, Is64bit: 1, IsPro: 0

COMMAND LINE ARGUMENTS:
D:\Program Files\Unity 2021.1.19f1\Editor\Unity.exe
-adb2
-batchMode
-noUpm
-name
AssetImportWorker0
-projectPath
C:/Users/Jakub/OneDrive - OAUH/Dokumenty/JumpoGameFinal
-logFile
Logs/AssetImportWorker0.log
-srvPort
65159
Successfully changed project path to: C:/Users/Jakub/OneDrive - OAUH/Dokumenty/JumpoGameFinal
C:/Users/Jakub/OneDrive - OAUH/Dokumenty/JumpoGameFinal
Using Asset Import Pipeline V2.
Refreshing native plugins compatible for Editor in 137.25 ms, found 4 plugins.
Preloading 0 native plugins for Editor in 0.00 ms.
Initialize engine version: 2021.1.19f1 (5f5eb8bbdc25)
[Subsystems] Discovering subsystems at path D:/Program Files/Unity 2021.1.19f1/Editor/Data/Resources/UnitySubsystems
[Subsystems] Discovering subsystems at path C:/Users/Jakub/OneDrive - OAUH/Dokumenty/JumpoGameFinal/Assets
GfxDevice: creating device client; threaded=0; jobified=0
Direct3D:
    Version:  Direct3D 11.0 [level 11.1]
    Renderer: NVIDIA GeForce GTX 1050 Ti (ID=0x1c82)
    Vendor:   NVIDIA
    VRAM:     4018 MB
    Driver:   30.0.14.9709
Initialize mono
Mono path[0] = 'D:/Program Files/Unity 2021.1.19f1/Editor/Data/Managed'
Mono path[1] = 'D:/Program Files/Unity 2021.1.19f1/Editor/Data/MonoBleedingEdge/lib/mono/unityjit'
Mono config path = 'D:/Program Files/Unity 2021.1.19f1/Editor/Data/MonoBleedingEdge/etc'
Using monoOptions --debugger-agent=transport=dt_socket,embedding=1,server=y,suspend=n,address=127.0.0.1:56104
Begin MonoManager ReloadAssembly
Registering precompiled unity dll's ...
Register platform support module: D:/Program Files/Unity 2021.1.19f1/Editor/Data/PlaybackEngines/WindowsStandaloneSupport/UnityEditor.WindowsStandalone.Extensions.dll
Registered in 0.001928 seconds.
Native extension for WindowsStandalone target not found
Refreshing native plugins compatible for Editor in 143.16 ms, found 4 plugins.
Preloading 0 native plugins for Editor in 0.00 ms.
Mono: successfully reloaded assembly
- Completed reload, in  1.353 seconds
Domain Reload Profiling:
	ReloadAssembly (1353ms)
		BeginReloadAssembly (72ms)
			ExecutionOrderSort (0ms)
			DisableScriptedObjects (0ms)
			BackupInstance (0ms)
			ReleaseScriptingObjects (0ms)
			CreateAndSetChildDomain (1ms)
		EndReloadAssembly (620ms)
			LoadAssemblies (70ms)
			RebuildTransferFunctionScriptingTraits (0ms)
			SetupTypeCache (203ms)
			ReleaseScriptCaches (0ms)
			RebuildScriptCaches (35ms)
			SetupLoadedEditorAssemblies (311ms)
				LogAssemblyErrors (0ms)
				InitializePlatformSupportModulesInManaged (6ms)
				SetLoadedEditorAssemblies (0ms)
				RefreshPlugins (143ms)
				BeforeProcessingInitializeOnLoad (2ms)
				ProcessInitializeOnLoadAttributes (123ms)
				ProcessInitializeOnLoadMethodAttributes (37ms)
				AfterProcessingInitializeOnLoad (0ms)
				EditorAssembliesLoaded (0ms)
			ExecutionOrderSort2 (0ms)
			AwakeInstancesAfterBackupRestoration (0ms)
Platform modules already initialized, skipping
Registering precompiled user dll's ...
Registered in 0.007707 seconds.
Begin MonoManager ReloadAssembly
Symbol file LoadedFromMemory doesn't match image C:\Users\Jakub\OneDrive - OAUH\Dokumenty\JumpoGameFinal\Library\PackageCache\com.unity.visualscripting@1.6.1\Editor\VisualScripting.Core\Dependencies\YamlDotNet\Unity.VisualScripting.YamlDotNet.dll
Symbol file LoadedFromMemory doesn't match image C:\Users\Jakub\OneDrive - OAUH\Dokumenty\JumpoGameFinal\Library\PackageCache\com.unity.visualscripting@1.6.1\Editor\VisualScripting.Core\Dependencies\DotNetZip\Unity.VisualScripting.IonicZip.dll
Native extension for WindowsStandalone target not found
Refreshing native plugins compatible for Editor in 137.60 ms, found 4 plugins.
Preloading 0 native plugins for Editor in 0.00 ms.
Mono: successfully reloaded assembly
- Completed reload, in  1.630 seconds
Domain Reload Profiling:
	ReloadAssembly (1631ms)
		BeginReloadAssembly (177ms)
			ExecutionOrderSort (0ms)
			DisableScriptedObjects (5ms)
			BackupInstance (0ms)
			ReleaseScriptingObjects (0ms)
			CreateAndSetChildDomain (23ms)
		EndReloadAssembly (1382ms)
			LoadAssemblies (137ms)
			RebuildTransferFunctionScriptingTraits (0ms)
			SetupTypeCache (454ms)
			ReleaseScriptCaches (1ms)
			RebuildScriptCaches (74ms)
			SetupLoadedEditorAssemblies (600ms)
				LogAssemblyErrors (0ms)
				InitializePlatformSupportModulesInManaged (4ms)
				SetLoadedEditorAssemblies (0ms)
				RefreshPlugins (138ms)
				BeforeProcessingInitializeOnLoad (106ms)
				ProcessInitializeOnLoadAttributes (328ms)
				ProcessInitializeOnLoadMethodAttributes (19ms)
				AfterProcessingInitializeOnLoad (5ms)
				EditorAssembliesLoaded (0ms)
			ExecutionOrderSort2 (0ms)
			AwakeInstancesAfterBackupRestoration (8ms)
Platform modules already initialized, skipping
========================================================================
Worker process is ready to serve import requests
Launched and connected shader compiler UnityShaderCompiler.exe after 0.16 seconds
Refreshing native plugins compatible for Editor in 0.97 ms, found 4 plugins.
Preloading 0 native plugins for Editor in 0.00 ms.
Unloading 4152 Unused Serialized files (Serialized files now loaded: 0)
System memory in use before: 155.1 MB.
System memory in use after: 155.3 MB.

Unloading 33 unused Assets to reduce memory usage. Loaded Objects now: 4604.
Total: 4.145100 ms (FindLiveObjects: 0.333100 ms CreateObjectMapping: 0.249100 ms MarkObjects: 3.487400 ms  DeleteObjects: 0.074400 ms)

AssetImportParameters requested are different than current active one (requested -> active):
  custom:framework-win-MediaFoundation: 216162199b28c13a410421893ffa2e32 -> 
  custom:video-decoder-ogg-theora: a1e56fd34408186e4bbccfd4996cb3dc -> 
  custom:container-muxer-webm: aa71ff27fc2769a1b78a27578f13a17b -> 
  custom:container-demuxer-webm: 4f35f7cbe854078d1ac9338744f61a02 -> 
  custom:container-demuxer-ogg: 62fdf1f143b41e24485cea50d1cbac27 -> 
  custom:video-encoder-webm-vp8: eb34c28f22e8b96e1ab97ce403110664 -> 
  custom:video-decoder-webm-vp8: 9c59270c3fd7afecdb556c50c9e8de78 -> 
  custom:audio-decoder-ogg-vorbis: bf7c407c2cedff20999df2af8eb42d56 -> 
  custom:audio-encoder-webm-vorbis: bf7c407c2cedff20999df2af8eb42d56 -> 
========================================================================
Received Import Request.
  path: Assets/Animation/Player/run.anim
  artifactKey: Guid(abd50f45553fcda42955a474cb756142) Importer(815301076,1909f56bfc062723c751e8b465ee728b)
Start importing Assets/Animation/Player/run.anim using Guid(abd50f45553fcda42955a474cb756142) Importer(815301076,1909f56bfc062723c751e8b465ee728b)  -> (artifact id: '136de081d04467451d0c4e401eda6489') in 0.068972 seconds 
========================================================================
Received Import Request.
  Time since last request: 6.861836 seconds.
  path: Assets/Animation/Player/jump.anim
  artifactKey: Guid(269f1717883cb754da3efd6950d3f524) Importer(815301076,1909f56bfc062723c751e8b465ee728b)
Start importing Assets/Animation/Player/jump.anim using Guid(269f1717883cb754da3efd6950d3f524) Importer(815301076,1909f56bfc062723c751e8b465ee728b)  -> (artifact id: 'a7653efa76e90d589d9b9c0b77574cb1') in 0.015572 seconds 
========================================================================
Received Import Request.
  Time since last request: 5.293947 seconds.
  path: Assets/Animation/Player/AnimatorController.controller
  artifactKey: Guid(396aedbc4aafb464490778ac88b6824c) Importer(815301076,1909f56bfc062723c751e8b465ee728b)
Start importing Assets/Animation/Player/AnimatorController.controller using Guid(396aedbc4aafb464490778ac88b6824c) Importer(815301076,1909f56bfc062723c751e8b465ee728b)  -> (artifact id: '6ef7f7ebe94f1fb7702ab4fe63d2c034') in 0.020032 seconds 
========================================================================
Received Import Request.
  Time since last request: 55.551024 seconds.
  path: Assets/Animation/Enemies/Chain 360.controller
  artifactKey: Guid(b403223cb5565464d87bbc284edb8b48) Importer(815301076,1909f56bfc062723c751e8b465ee728b)
Start importing Assets/Animation/Enemies/Chain 360.controller using Guid(b403223cb5565464d87bbc284edb8b48) Importer(815301076,1909f56bfc062723c751e8b465ee728b)  -> (artifact id: 'fce2af0f830db925520064fda68ea64c') in 0.016101 seconds 
========================================================================
Received Import Request.
  Time since last request: 1.075391 seconds.
  path: Assets/Animation/Enemies/Saw.controller
  artifactKey: Guid(465aa08fc1481094db4d06da22c2312e) Importer(815301076,1909f56bfc062723c751e8b465ee728b)
Start importing Assets/Animation/Enemies/Saw.controller using Guid(465aa08fc1481094db4d06da22c2312e) Importer(815301076,1909f56bfc062723c751e8b465ee728b)  -> (artifact id: 'a399bc35f3a7c0715f11abea4d8c5502') in 0.015697 seconds 
========================================================================
Received Import Request.
  Time since last request: 1711.805826 seconds.
  path: Assets/Scripts/AudioManager.cs
  artifactKey: Guid(90e588002b3c67d4085bce2b6788aea5) Importer(815301076,1909f56bfc062723c751e8b465ee728b)
Start importing Assets/Scripts/AudioManager.cs using Guid(90e588002b3c67d4085bce2b6788aea5) Importer(815301076,1909f56bfc062723c751e8b465ee728b)  -> (artifact id: 'df4210611863ad6d07df43bc9bed910d') in 0.019656 seconds 
========================================================================
Received Import Request.
  Time since last request: 1370.870334 seconds.
  path: Assets/Scripts/PlayerControls.cs
  artifactKey: Guid(12423cb46f0458049ac6cddd36a3fce3) Importer(815301076,1909f56bfc062723c751e8b465ee728b)
Start importing Assets/Scripts/PlayerControls.cs using Guid(12423cb46f0458049ac6cddd36a3fce3) Importer(815301076,1909f56bfc062723c751e8b465ee728b)  -> (artifact id: '1460fe4f737ec8fe0e1ddaa468e7ce4f') in 0.019532 seconds 
========================================================================
Received Import Request.
  Time since last request: 1489.081206 seconds.
  path: Assets/Scripts/Mace.cs
  artifactKey: Guid(74ee065456a1af24e97f60bc6217516b) Importer(815301076,1909f56bfc062723c751e8b465ee728b)
Start importing Assets/Scripts/Mace.cs using Guid(74ee065456a1af24e97f60bc6217516b) Importer(815301076,1909f56bfc062723c751e8b465ee728b)  -> (artifact id: '19a4dc10d1d7e916c54487878cea0787') in 0.024319 seconds 
========================================================================
Received Import Request.
  Time since last request: 9313.867800 seconds.
  path: Assets/Animation/image 1.controller
  artifactKey: Guid(1495eab3363392b4e9e94169c3c8f874) Importer(815301076,1909f56bfc062723c751e8b465ee728b)
Start importing Assets/Animation/image 1.controller using Guid(1495eab3363392b4e9e94169c3c8f874) Importer(815301076,1909f56bfc062723c751e8b465ee728b)  -> (artifact id: '581092ed0366ecaa15b0d539a433b722') in 0.094500 seconds 
========================================================================
Received Import Request.
  Time since last request: 3.382942 seconds.
  path: Assets/Animation/Coin.anim
  artifactKey: Guid(b7e4b6241c0bdfb4d836113aebd45924) Importer(815301076,1909f56bfc062723c751e8b465ee728b)
Start importing Assets/Animation/Coin.anim using Guid(b7e4b6241c0bdfb4d836113aebd45924) Importer(815301076,1909f56bfc062723c751e8b465ee728b)  -> (artifact id: 'f59c2a3bd8ae556f5ebf735e00b2c90e') in 0.028939 seconds 
========================================================================
Received Import Request.
  Time since last request: 14.406432 seconds.
  path: Assets/TooCubeForest/Falling Down
  artifactKey: Guid(2948ff746d09088499f095bea5629bd2) Importer(815301076,1909f56bfc062723c751e8b465ee728b)
Start importing Assets/TooCubeForest/Falling Down using Guid(2948ff746d09088499f095bea5629bd2) Importer(815301076,1909f56bfc062723c751e8b465ee728b)  -> (artifact id: '1ad0a7184c8928cb13e13971ad4268b1') in 0.018474 seconds 
========================================================================
Received Import Request.
  Time since last request: 1.667638 seconds.
  path: Assets/TooCubeForest/images
  artifactKey: Guid(884ab032c297c6e49a3e41605757df1a) Importer(815301076,1909f56bfc062723c751e8b465ee728b)
Start importing Assets/TooCubeForest/images using Guid(884ab032c297c6e49a3e41605757df1a) Importer(815301076,1909f56bfc062723c751e8b465ee728b)  -> (artifact id: '3c67ee292b94d696cea50df46d45d403') in 0.016702 seconds 
========================================================================
Received Import Request.
  Time since last request: 3.920095 seconds.
  path: Assets/TooCubeForest/images/Forest_deco_leaves(fall)01_128px.png
  artifactKey: Guid(4d5cf8230d2ac284aa690adc5209e88f) Importer(815301076,1909f56bfc062723c751e8b465ee728b)
Start importing Assets/TooCubeForest/images/Forest_deco_leaves(fall)01_128px.png using Guid(4d5cf8230d2ac284aa690adc5209e88f) Importer(815301076,1909f56bfc062723c751e8b465ee728b)  -> (artifact id: 'dfdc98bb525f33f3e44428007de36847') in 0.580025 seconds 
========================================================================
Received Import Request.
  Time since last request: 10.571201 seconds.
  path: Assets/TooCubeForest/images/Forest_terrain_dirt_snow_128px.png
  artifactKey: Guid(3dcb8cd2d44a6f649a53a238011ec757) Importer(815301076,1909f56bfc062723c751e8b465ee728b)
Start importing Assets/TooCubeForest/images/Forest_terrain_dirt_snow_128px.png using Guid(3dcb8cd2d44a6f649a53a238011ec757) Importer(815301076,1909f56bfc062723c751e8b465ee728b)  -> (artifact id: '2ab536b9cf412aa6ed3a0eedae214183') in 0.050542 seconds 
========================================================================
Received Import Request.
  Time since last request: 8.847758 seconds.
  path: Assets/TooCubeForest/images/Forest_terrain_slope_dirt_128px.png
  artifactKey: Guid(53034c021f827d645aefda9c7c9a93e2) Importer(815301076,1909f56bfc062723c751e8b465ee728b)
Start importing Assets/TooCubeForest/images/Forest_terrain_slope_dirt_128px.png using Guid(53034c021f827d645aefda9c7c9a93e2) Importer(815301076,1909f56bfc062723c751e8b465ee728b)  -> (artifact id: '7164497ff962f7dc2f359f2b167e103f') in 0.043018 seconds 
========================================================================
Received Import Request.
  Time since last request: 10.664729 seconds.
  path: Assets/TooCubeForest/images/Forest_terrain_slope_dirt_ice_128px.png
  artifactKey: Guid(a827a969627574c4e9dfd96ff62b65c5) Importer(815301076,1909f56bfc062723c751e8b465ee728b)
Start importing Assets/TooCubeForest/images/Forest_terrain_slope_dirt_ice_128px.png using Guid(a827a969627574c4e9dfd96ff62b65c5) Importer(815301076,1909f56bfc062723c751e8b465ee728b)  -> (artifact id: 'dd10ea1a85638bffea6bb82e37c29b4e') in 0.037897 seconds 
========================================================================
Received Import Request.
  Time since last request: 1215.162666 seconds.
  path: Assets/Scripts/Sound.cs
  artifactKey: Guid(fc9da07c4a943134eb160a2a1d8c4ece) Importer(815301076,1909f56bfc062723c751e8b465ee728b)
Start importing Assets/Scripts/Sound.cs using Guid(fc9da07c4a943134eb160a2a1d8c4ece) Importer(815301076,1909f56bfc062723c751e8b465ee728b)  -> (artifact id: 'e79ffbac0a6ae2ef32a068e16acc4d6b') in 0.015608 seconds 
========================================================================
Received Import Request.
  Time since last request: 816.378419 seconds.
  path: Assets/Scripts/PlayerControls.inputactions
  artifactKey: Guid(a645511654919134db14d6aa9bdc3bae) Importer(815301076,1909f56bfc062723c751e8b465ee728b)
Start importing Assets/Scripts/PlayerControls.inputactions using Guid(a645511654919134db14d6aa9bdc3bae) Importer(815301076,1909f56bfc062723c751e8b465ee728b)  -> (artifact id: '47a86f0bfb98b0231cdd5db82055cad7') in 0.036856 seconds 
