Using pre-set license
Built from '2021.1/staging' branch; Version is '2021.1.19f1 (5f5eb8bbdc25) revision 6250168'; Using compiler version '192528614'; Build Type 'Release'
OS: 'Windows 10 Education; OS build 17134.2208; Version 1803; 64bit' Language: 'cs' Physical Memory: 8067 MB
BatchMode: 1, IsHumanControllingUs: 0, StartBugReporterOnCrash: 0, Is64bit: 1, IsPro: 0

COMMAND LINE ARGUMENTS:
C:\Program Files\Unity\Hub\Editor\2021.1.19f1\Editor\Unity.exe
-adb2
-batchMode
-noUpm
-name
AssetImportWorker5
-projectPath
C:/Users/Malina_Jakub/Documents/GitHub/JumpoGameFinal
-logFile
Logs/AssetImportWorker5.log
-srvPort
56684
Successfully changed project path to: C:/Users/Malina_Jakub/Documents/GitHub/JumpoGameFinal
C:/Users/Malina_Jakub/Documents/GitHub/JumpoGameFinal
Using Asset Import Pipeline V2.
Refreshing native plugins compatible for Editor in 134.94 ms, found 4 plugins.
Preloading 0 native plugins for Editor in 0.00 ms.
Initialize engine version: 2021.1.19f1 (5f5eb8bbdc25)
[Subsystems] Discovering subsystems at path C:/Program Files/Unity/Hub/Editor/2021.1.19f1/Editor/Data/Resources/UnitySubsystems
[Subsystems] Discovering subsystems at path C:/Users/Malina_Jakub/Documents/GitHub/JumpoGameFinal/Assets
GfxDevice: creating device client; threaded=0; jobified=0
Direct3D:
    Version:  Direct3D 11.0 [level 11.1]
    Renderer: Intel(R) HD Graphics 630 (ID=0x5912)
    Vendor:   Intel
    VRAM:     4033 MB
    Driver:   23.20.16.4849
Initialize mono
Mono path[0] = 'C:/Program Files/Unity/Hub/Editor/2021.1.19f1/Editor/Data/Managed'
Mono path[1] = 'C:/Program Files/Unity/Hub/Editor/2021.1.19f1/Editor/Data/MonoBleedingEdge/lib/mono/unityjit'
Mono config path = 'C:/Program Files/Unity/Hub/Editor/2021.1.19f1/Editor/Data/MonoBleedingEdge/etc'
Using monoOptions --debugger-agent=transport=dt_socket,embedding=1,server=y,suspend=n,address=127.0.0.1:56908
Begin MonoManager ReloadAssembly
Registering precompiled unity dll's ...
Register platform support module: C:/Program Files/Unity/Hub/Editor/2021.1.19f1/Editor/Data/PlaybackEngines/WindowsStandaloneSupport/UnityEditor.WindowsStandalone.Extensions.dll
Registered in 0.001428 seconds.
Native extension for WindowsStandalone target not found
Refreshing native plugins compatible for Editor in 123.57 ms, found 4 plugins.
Preloading 0 native plugins for Editor in 0.00 ms.
Mono: successfully reloaded assembly
- Completed reload, in  1.263 seconds
Domain Reload Profiling:
	ReloadAssembly (1263ms)
		BeginReloadAssembly (59ms)
			ExecutionOrderSort (0ms)
			DisableScriptedObjects (0ms)
			BackupInstance (0ms)
			ReleaseScriptingObjects (0ms)
			CreateAndSetChildDomain (1ms)
		EndReloadAssembly (476ms)
			LoadAssemblies (57ms)
			RebuildTransferFunctionScriptingTraits (0ms)
			SetupTypeCache (153ms)
			ReleaseScriptCaches (0ms)
			RebuildScriptCaches (29ms)
			SetupLoadedEditorAssemblies (250ms)
				LogAssemblyErrors (0ms)
				InitializePlatformSupportModulesInManaged (6ms)
				SetLoadedEditorAssemblies (0ms)
				RefreshPlugins (124ms)
				BeforeProcessingInitializeOnLoad (1ms)
				ProcessInitializeOnLoadAttributes (90ms)
				ProcessInitializeOnLoadMethodAttributes (28ms)
				AfterProcessingInitializeOnLoad (0ms)
				EditorAssembliesLoaded (0ms)
			ExecutionOrderSort2 (0ms)
			AwakeInstancesAfterBackupRestoration (0ms)
Platform modules already initialized, skipping
Registering precompiled user dll's ...
Registered in 0.005897 seconds.
Begin MonoManager ReloadAssembly
Symbol file LoadedFromMemory doesn't match image C:\Users\Malina_Jakub\Documents\GitHub\JumpoGameFinal\Library\PackageCache\com.unity.visualscripting@1.6.1\Editor\VisualScripting.Core\Dependencies\YamlDotNet\Unity.VisualScripting.YamlDotNet.dll
Symbol file LoadedFromMemory doesn't match image C:\Users\Malina_Jakub\Documents\GitHub\JumpoGameFinal\Library\PackageCache\com.unity.visualscripting@1.6.1\Editor\VisualScripting.Core\Dependencies\DotNetZip\Unity.VisualScripting.IonicZip.dll
Native extension for WindowsStandalone target not found
Refreshing native plugins compatible for Editor in 136.96 ms, found 4 plugins.
Preloading 0 native plugins for Editor in 0.00 ms.
Mono: successfully reloaded assembly
- Completed reload, in  2.349 seconds
Domain Reload Profiling:
	ReloadAssembly (2350ms)
		BeginReloadAssembly (171ms)
			ExecutionOrderSort (0ms)
			DisableScriptedObjects (5ms)
			BackupInstance (0ms)
			ReleaseScriptingObjects (0ms)
			CreateAndSetChildDomain (18ms)
		EndReloadAssembly (2122ms)
			LoadAssemblies (975ms)
			RebuildTransferFunctionScriptingTraits (0ms)
			SetupTypeCache (370ms)
			ReleaseScriptCaches (1ms)
			RebuildScriptCaches (61ms)
			SetupLoadedEditorAssemblies (604ms)
				LogAssemblyErrors (0ms)
				InitializePlatformSupportModulesInManaged (5ms)
				SetLoadedEditorAssemblies (0ms)
				RefreshPlugins (137ms)
				BeforeProcessingInitializeOnLoad (102ms)
				ProcessInitializeOnLoadAttributes (323ms)
				ProcessInitializeOnLoadMethodAttributes (31ms)
				AfterProcessingInitializeOnLoad (5ms)
				EditorAssembliesLoaded (0ms)
			ExecutionOrderSort2 (0ms)
			AwakeInstancesAfterBackupRestoration (6ms)
Platform modules already initialized, skipping
========================================================================
Worker process is ready to serve import requests
Launched and connected shader compiler UnityShaderCompiler.exe after 0.04 seconds
Refreshing native plugins compatible for Editor in 2.44 ms, found 4 plugins.
Preloading 0 native plugins for Editor in 0.00 ms.
Unloading 4153 Unused Serialized files (Serialized files now loaded: 0)
System memory in use before: 155.1 MB.
System memory in use after: 155.3 MB.

Unloading 33 unused Assets to reduce memory usage. Loaded Objects now: 4605.
Total: 6.983196 ms (FindLiveObjects: 0.671673 ms CreateObjectMapping: 0.558855 ms MarkObjects: 5.667859 ms  DeleteObjects: 0.082716 ms)

AssetImportParameters requested are different than current active one (requested -> active):
  custom:framework-win-MediaFoundation: 216162199b28c13a410421893ffa2e32 -> 
  custom:video-decoder-ogg-theora: a1e56fd34408186e4bbccfd4996cb3dc -> 
  custom:container-muxer-webm: aa71ff27fc2769a1b78a27578f13a17b -> 
  custom:container-demuxer-webm: 4f35f7cbe854078d1ac9338744f61a02 -> 
  custom:container-demuxer-ogg: 62fdf1f143b41e24485cea50d1cbac27 -> 
  custom:video-encoder-webm-vp8: eb34c28f22e8b96e1ab97ce403110664 -> 
  custom:video-decoder-webm-vp8: 9c59270c3fd7afecdb556c50c9e8de78 -> 
  custom:audio-decoder-ogg-vorbis: bf7c407c2cedff20999df2af8eb42d56 -> 
  custom:audio-encoder-webm-vorbis: bf7c407c2cedff20999df2af8eb42d56 -> 
========================================================================
Received Import Request.
  path: Assets/Scenes/Menu.unity
  artifactKey: Guid(2cda990e2423bbf4892e6590ba056729) Importer(815301076,1909f56bfc062723c751e8b465ee728b)
Start importing Assets/Scenes/Menu.unity using Guid(2cda990e2423bbf4892e6590ba056729) Importer(815301076,1909f56bfc062723c751e8b465ee728b)  -> (artifact id: '2a2ae08d58cbbf3458a11c3bcb93847d') in 0.036871 seconds 
========================================================================
Received Import Request.
  Time since last request: 109.988532 seconds.
  path: Assets/Scenes/Level3.unity
  artifactKey: Guid(aa32e9034f131154ebe51845c6e72ffe) Importer(815301076,1909f56bfc062723c751e8b465ee728b)
Start importing Assets/Scenes/Level3.unity using Guid(aa32e9034f131154ebe51845c6e72ffe) Importer(815301076,1909f56bfc062723c751e8b465ee728b)  -> (artifact id: '46c8a10696decb3f67a516fdbc2f5afc') in 0.015475 seconds 
========================================================================
Received Import Request.
  Time since last request: 3.232731 seconds.
  path: Assets/Scripts/PlayerControls.inputactions
  artifactKey: Guid(a645511654919134db14d6aa9bdc3bae) Importer(815301076,1909f56bfc062723c751e8b465ee728b)
Start importing Assets/Scripts/PlayerControls.inputactions using Guid(a645511654919134db14d6aa9bdc3bae) Importer(815301076,1909f56bfc062723c751e8b465ee728b)  -> (artifact id: '2c1fa0eb67a744bc3346e5df7d933775') in 0.052512 seconds 
========================================================================
Received Import Request.
  Time since last request: 17.047126 seconds.
  path: Assets/Scripts/PlayerMovement.cs
  artifactKey: Guid(e95c2d46e2a962b4bb2bd2acef3f0e76) Importer(815301076,1909f56bfc062723c751e8b465ee728b)
Start importing Assets/Scripts/PlayerMovement.cs using Guid(e95c2d46e2a962b4bb2bd2acef3f0e76) Importer(815301076,1909f56bfc062723c751e8b465ee728b)  -> (artifact id: 'b8a94ee1345b68b4afc3d79c46ac73eb') in 0.035112 seconds 
========================================================================
Received Prepare
Registering precompiled user dll's ...
Registered in 0.419480 seconds.
Begin MonoManager ReloadAssembly
Symbol file LoadedFromMemory doesn't match image C:\Users\Malina_Jakub\Documents\GitHub\JumpoGameFinal\Library\PackageCache\com.unity.visualscripting@1.6.1\Editor\VisualScripting.Core\Dependencies\YamlDotNet\Unity.VisualScripting.YamlDotNet.dll
Symbol file LoadedFromMemory doesn't match image C:\Users\Malina_Jakub\Documents\GitHub\JumpoGameFinal\Library\PackageCache\com.unity.visualscripting@1.6.1\Editor\VisualScripting.Core\Dependencies\DotNetZip\Unity.VisualScripting.IonicZip.dll
Native extension for WindowsStandalone target not found
Refreshing native plugins compatible for Editor in 1.03 ms, found 4 plugins.
Preloading 0 native plugins for Editor in 0.00 ms.
Mono: successfully reloaded assembly
- Completed reload, in  7.995 seconds
Domain Reload Profiling:
	ReloadAssembly (7995ms)
		BeginReloadAssembly (2601ms)
			ExecutionOrderSort (0ms)
			DisableScriptedObjects (7ms)
			BackupInstance (0ms)
			ReleaseScriptingObjects (0ms)
			CreateAndSetChildDomain (126ms)
		EndReloadAssembly (5320ms)
			LoadAssemblies (6795ms)
			RebuildTransferFunctionScriptingTraits (0ms)
			SetupTypeCache (365ms)
			ReleaseScriptCaches (1ms)
			RebuildScriptCaches (45ms)
			SetupLoadedEditorAssemblies (364ms)
				LogAssemblyErrors (0ms)
				InitializePlatformSupportModulesInManaged (4ms)
				SetLoadedEditorAssemblies (0ms)
				RefreshPlugins (1ms)
				BeforeProcessingInitializeOnLoad (62ms)
				ProcessInitializeOnLoadAttributes (280ms)
				ProcessInitializeOnLoadMethodAttributes (10ms)
				AfterProcessingInitializeOnLoad (5ms)
				EditorAssembliesLoaded (0ms)
			ExecutionOrderSort2 (0ms)
			AwakeInstancesAfterBackupRestoration (11ms)
Platform modules already initialized, skipping
Refreshing native plugins compatible for Editor in 2.76 ms, found 4 plugins.
Preloading 0 native plugins for Editor in 0.00 ms.
Unloading 4128 Unused Serialized files (Serialized files now loaded: 0)
System memory in use before: 153.3 MB.
System memory in use after: 153.6 MB.

Unloading 19 unused Assets to reduce memory usage. Loaded Objects now: 4608.
Total: 6.286394 ms (FindLiveObjects: 0.543149 ms CreateObjectMapping: 0.382691 ms MarkObjects: 5.322337 ms  DeleteObjects: 0.035861 ms)

AssetImportParameters requested are different than current active one (requested -> active):
  custom:framework-win-MediaFoundation: 216162199b28c13a410421893ffa2e32 -> 
  custom:video-decoder-ogg-theora: a1e56fd34408186e4bbccfd4996cb3dc -> 
  custom:container-muxer-webm: aa71ff27fc2769a1b78a27578f13a17b -> 
  custom:container-demuxer-webm: 4f35f7cbe854078d1ac9338744f61a02 -> 
  custom:container-demuxer-ogg: 62fdf1f143b41e24485cea50d1cbac27 -> 
  custom:video-encoder-webm-vp8: eb34c28f22e8b96e1ab97ce403110664 -> 
  custom:video-decoder-webm-vp8: 9c59270c3fd7afecdb556c50c9e8de78 -> 
  custom:audio-decoder-ogg-vorbis: bf7c407c2cedff20999df2af8eb42d56 -> 
  custom:audio-encoder-webm-vorbis: bf7c407c2cedff20999df2af8eb42d56 -> 
========================================================================
Received Import Request.
  Time since last request: 536.410834 seconds.
  path: Assets/Audio/Assets_Audio_First Jump.mp3
  artifactKey: Guid(8b84d0b0040f929469ddd41f2dee6164) Importer(815301076,1909f56bfc062723c751e8b465ee728b)
Start importing Assets/Audio/Assets_Audio_First Jump.mp3 using Guid(8b84d0b0040f929469ddd41f2dee6164) Importer(815301076,1909f56bfc062723c751e8b465ee728b)  -> (artifact id: 'b095d02725b740e97a99b075a5c906a5') in 0.353949 seconds 
========================================================================
Received Import Request.
  Time since last request: 0.000315 seconds.
  path: Assets/Rounded Blocks/stoneWall.psd
  artifactKey: Guid(7ea5136024bc0a049a183d719e0a5d2f) Importer(815301076,1909f56bfc062723c751e8b465ee728b)
Start importing Assets/Rounded Blocks/stoneWall.psd using Guid(7ea5136024bc0a049a183d719e0a5d2f) Importer(815301076,1909f56bfc062723c751e8b465ee728b)  -> (artifact id: '5bb0f4713a295798b011d2c2e40424ad') in 0.080667 seconds 
========================================================================
Received Import Request.
  Time since last request: 0.000286 seconds.
  path: Assets/PhysicsMaterials/No Frictions.physicsMaterial2D
  artifactKey: Guid(475854752979a55458026b93c6f2561a) Importer(815301076,1909f56bfc062723c751e8b465ee728b)
Start importing Assets/PhysicsMaterials/No Frictions.physicsMaterial2D using Guid(475854752979a55458026b93c6f2561a) Importer(815301076,1909f56bfc062723c751e8b465ee728b)  -> (artifact id: 'a13682402ea1ccaa4e27cfc4c851364d') in 0.012557 seconds 
========================================================================
Received Import Request.
  Time since last request: 0.000232 seconds.
  path: Assets/Rounded Blocks/shardRock.psd
  artifactKey: Guid(6ee0dd272b54e3a4ca2eea294928b30f) Importer(815301076,1909f56bfc062723c751e8b465ee728b)
Start importing Assets/Rounded Blocks/shardRock.psd using Guid(6ee0dd272b54e3a4ca2eea294928b30f) Importer(815301076,1909f56bfc062723c751e8b465ee728b)  -> (artifact id: '4a4f4ddc33cf4dac87016f7ac153d153') in 0.033301 seconds 
========================================================================
Received Import Request.
  Time since last request: 0.000382 seconds.
  path: Assets/Audio/MainMixer.mixer
  artifactKey: Guid(24003a5cfb678144495294fc8719800c) Importer(815301076,1909f56bfc062723c751e8b465ee728b)
Start importing Assets/Audio/MainMixer.mixer using Guid(24003a5cfb678144495294fc8719800c) Importer(815301076,1909f56bfc062723c751e8b465ee728b)  -> (artifact id: 'c8b00319b1790177ffd70c6ff1f58864') in 0.022430 seconds 
========================================================================
Received Import Request.
  Time since last request: 0.000314 seconds.
  path: Assets/Audio/Assets_Audio_Second Jump.wav
  artifactKey: Guid(7e77fbdf20700654793b28759d7af4d8) Importer(815301076,1909f56bfc062723c751e8b465ee728b)
Start importing Assets/Audio/Assets_Audio_Second Jump.wav using Guid(7e77fbdf20700654793b28759d7af4d8) Importer(815301076,1909f56bfc062723c751e8b465ee728b)  -> (artifact id: '8c2626b6af7069b8b116447f6ab7a17d') in 0.053421 seconds 
========================================================================
Received Import Request.
  Time since last request: 0.000245 seconds.
  path: Assets/PhysicsMaterials/Bouncy.physicsMaterial2D
  artifactKey: Guid(c3af4c173d37e88468c38baab75085d8) Importer(815301076,1909f56bfc062723c751e8b465ee728b)
Start importing Assets/PhysicsMaterials/Bouncy.physicsMaterial2D using Guid(c3af4c173d37e88468c38baab75085d8) Importer(815301076,1909f56bfc062723c751e8b465ee728b)  -> (artifact id: 'c34ad47ed63ddf4067fc025ac561f755') in 0.010041 seconds 
========================================================================
Received Import Request.
  Time since last request: 0.000357 seconds.
  path: Assets/Audio/Assets_Audio_Coins.wav
  artifactKey: Guid(b56a2f8f834cddd44bae3fa076d72ed3) Importer(815301076,1909f56bfc062723c751e8b465ee728b)
Start importing Assets/Audio/Assets_Audio_Coins.wav using Guid(b56a2f8f834cddd44bae3fa076d72ed3) Importer(815301076,1909f56bfc062723c751e8b465ee728b)  -> (artifact id: 'c8c7611da8f1092eddbcc630579c5568') in 0.035349 seconds 
========================================================================
Received Import Request.
  Time since last request: 0.000282 seconds.
  path: Assets/Rounded Blocks/iceCaveBlocks.psd
  artifactKey: Guid(37676652978b69440a4d22fc9b795c81) Importer(815301076,1909f56bfc062723c751e8b465ee728b)
Start importing Assets/Rounded Blocks/iceCaveBlocks.psd using Guid(37676652978b69440a4d22fc9b795c81) Importer(815301076,1909f56bfc062723c751e8b465ee728b)  -> (artifact id: 'afe12b39601f1c68a70eb1f24dba788b') in 0.028339 seconds 
========================================================================
Received Import Request.
  Time since last request: 0.000315 seconds.
  path: Assets/Rounded Blocks/iceRock.png
  artifactKey: Guid(618152c790541b34e925faa0aebfc5fc) Importer(815301076,1909f56bfc062723c751e8b465ee728b)
Start importing Assets/Rounded Blocks/iceRock.png using Guid(618152c790541b34e925faa0aebfc5fc) Importer(815301076,1909f56bfc062723c751e8b465ee728b)  -> (artifact id: '8d8fe05c9488d7dece93e76cccb5de75') in 0.029450 seconds 
========================================================================
Received Import Request.
  Time since last request: 0.000302 seconds.
  path: Assets/Rounded Blocks/oceanRock.png
  artifactKey: Guid(b9b30dc8c78dfc9409891ce28926344c) Importer(815301076,1909f56bfc062723c751e8b465ee728b)
Start importing Assets/Rounded Blocks/oceanRock.png using Guid(b9b30dc8c78dfc9409891ce28926344c) Importer(815301076,1909f56bfc062723c751e8b465ee728b)  -> (artifact id: '4b8eb96d9a4ad8a41c39a4857cfd9d09') in 0.047465 seconds 
========================================================================
Received Import Request.
  Time since last request: 0.000312 seconds.
  path: Assets/Audio/y2mate.com - Fortnite Death Sound Effect HD.mp3
  artifactKey: Guid(387beb8f77b18f942b47c7b04f585384) Importer(815301076,1909f56bfc062723c751e8b465ee728b)
Start importing Assets/Audio/y2mate.com - Fortnite Death Sound Effect HD.mp3 using Guid(387beb8f77b18f942b47c7b04f585384) Importer(815301076,1909f56bfc062723c751e8b465ee728b)  -> (artifact id: 'd6f74c8be8bb72992d08a65aca65c4cc') in 0.030688 seconds 
========================================================================
Received Import Request.
  Time since last request: 0.000305 seconds.
  path: Assets/Scenes/Level2.unity
  artifactKey: Guid(60c56d4f913e3364aa9da769abe4c50c) Importer(815301076,1909f56bfc062723c751e8b465ee728b)
Start importing Assets/Scenes/Level2.unity using Guid(60c56d4f913e3364aa9da769abe4c50c) Importer(815301076,1909f56bfc062723c751e8b465ee728b)  -> (artifact id: 'b560a403cbc894f720c139ca54c2ced2') in 0.010153 seconds 
========================================================================
Received Import Request.
  Time since last request: 0.000315 seconds.
  path: Assets/Rounded Blocks/oceanRock.psd
  artifactKey: Guid(bb1b07fa27db1764f9f91fb669fd9103) Importer(815301076,1909f56bfc062723c751e8b465ee728b)
Start importing Assets/Rounded Blocks/oceanRock.psd using Guid(bb1b07fa27db1764f9f91fb669fd9103) Importer(815301076,1909f56bfc062723c751e8b465ee728b)  -> (artifact id: '96a2ae4eb8e2b2ed3eab3546eeed237a') in 0.030906 seconds 
========================================================================
Received Import Request.
  Time since last request: 0.000215 seconds.
  path: Assets/Rounded Blocks/stone.png
  artifactKey: Guid(df2e83bdceb904a4ea9bca45d7f1ba6f) Importer(815301076,1909f56bfc062723c751e8b465ee728b)
Start importing Assets/Rounded Blocks/stone.png using Guid(df2e83bdceb904a4ea9bca45d7f1ba6f) Importer(815301076,1909f56bfc062723c751e8b465ee728b)  -> (artifact id: '9647f3b4b66f9f8d3e62907c6287de9a') in 0.040827 seconds 
========================================================================
Received Import Request.
  Time since last request: 0.000222 seconds.
  path: Assets/Rounded Blocks/groundAndGrass.png
  artifactKey: Guid(d3d615e5c42c87246b426e6a3ac5b692) Importer(815301076,1909f56bfc062723c751e8b465ee728b)
Start importing Assets/Rounded Blocks/groundAndGrass.png using Guid(d3d615e5c42c87246b426e6a3ac5b692) Importer(815301076,1909f56bfc062723c751e8b465ee728b)  -> (artifact id: 'e26bc480064dffb52ccbd931108b3d00') in 0.053862 seconds 
========================================================================
Received Import Request.
  Time since last request: 0.000231 seconds.
  path: Assets/Rounded Blocks/groundAndGrass.psd
  artifactKey: Guid(1d7c3255c91b5d34bb75e86d3854d77b) Importer(815301076,1909f56bfc062723c751e8b465ee728b)
Start importing Assets/Rounded Blocks/groundAndGrass.psd using Guid(1d7c3255c91b5d34bb75e86d3854d77b) Importer(815301076,1909f56bfc062723c751e8b465ee728b)  -> (artifact id: '1c7c485f85475ecf08747eafbf99dcc6') in 0.024461 seconds 
========================================================================
Received Import Request.
  Time since last request: 0.000255 seconds.
  path: Assets/Rounded Blocks/mossBlock.psd
  artifactKey: Guid(e3fef07e6625ee04cb77edab631671ff) Importer(815301076,1909f56bfc062723c751e8b465ee728b)
Start importing Assets/Rounded Blocks/mossBlock.psd using Guid(e3fef07e6625ee04cb77edab631671ff) Importer(815301076,1909f56bfc062723c751e8b465ee728b)  -> (artifact id: 'a1134d9eb4ac2cdf4e0d151f9d023317') in 0.036658 seconds 
========================================================================
Received Import Request.
  Time since last request: 0.000214 seconds.
  path: Assets/Rounded Blocks/shardRock.png
  artifactKey: Guid(bf4626f7f5e1ff346988af124af83dea) Importer(815301076,1909f56bfc062723c751e8b465ee728b)
Start importing Assets/Rounded Blocks/shardRock.png using Guid(bf4626f7f5e1ff346988af124af83dea) Importer(815301076,1909f56bfc062723c751e8b465ee728b)  -> (artifact id: '4290d1162333a87176015e3ea02caa3e') in 0.032512 seconds 
========================================================================
Received Import Request.
  Time since last request: 0.000302 seconds.
  path: Assets/Rounded Blocks/stoneWall.png
  artifactKey: Guid(0a2bac6543c09dc47a1f5cca284eeb5f) Importer(815301076,1909f56bfc062723c751e8b465ee728b)
Start importing Assets/Rounded Blocks/stoneWall.png using Guid(0a2bac6543c09dc47a1f5cca284eeb5f) Importer(815301076,1909f56bfc062723c751e8b465ee728b)  -> (artifact id: '49217e0f1507d7a343b6a374f7387e0a') in 0.040930 seconds 
========================================================================
Received Import Request.
  Time since last request: 0.000308 seconds.
  path: Assets/Rounded Blocks/stone.psd
  artifactKey: Guid(b29d0910a4e5605408e9f4e75bde8b7d) Importer(815301076,1909f56bfc062723c751e8b465ee728b)
Start importing Assets/Rounded Blocks/stone.psd using Guid(b29d0910a4e5605408e9f4e75bde8b7d) Importer(815301076,1909f56bfc062723c751e8b465ee728b)  -> (artifact id: 'd2bb2a00e976f3717e1f637aac1419ad') in 0.037122 seconds 
========================================================================
Received Import Request.
  Time since last request: 0.000301 seconds.
  path: Assets/Scenes/Level1.unity
  artifactKey: Guid(11a2352ed8d66a141af683eecda11ac3) Importer(815301076,1909f56bfc062723c751e8b465ee728b)
Start importing Assets/Scenes/Level1.unity using Guid(11a2352ed8d66a141af683eecda11ac3) Importer(815301076,1909f56bfc062723c751e8b465ee728b)  -> (artifact id: '470f8ab53cedf3dd4c3b95b4d1429c56') in 0.009864 seconds 
========================================================================
Received Import Request.
  Time since last request: 0.000283 seconds.
  path: Assets/Rounded Blocks/mossBlock.png
  artifactKey: Guid(a5d45e3a152dcd64e9cb71de1f6733fb) Importer(815301076,1909f56bfc062723c751e8b465ee728b)
Start importing Assets/Rounded Blocks/mossBlock.png using Guid(a5d45e3a152dcd64e9cb71de1f6733fb) Importer(815301076,1909f56bfc062723c751e8b465ee728b)  -> (artifact id: '03db75f3d5dd415ba9a487e4e8db98e1') in 0.027278 seconds 
========================================================================
Received Import Request.
  Time since last request: 0.000281 seconds.
  path: Assets/Rounded Blocks/iceCave.psd
  artifactKey: Guid(b46be4b252250a846ac7c206b20e69ad) Importer(815301076,1909f56bfc062723c751e8b465ee728b)
Start importing Assets/Rounded Blocks/iceCave.psd using Guid(b46be4b252250a846ac7c206b20e69ad) Importer(815301076,1909f56bfc062723c751e8b465ee728b)  -> (artifact id: 'b5554860fcb9a345a5ce3015ab810d4b') in 0.048792 seconds 
========================================================================
Received Import Request.
  Time since last request: 0.000308 seconds.
  path: Assets/Rounded Blocks/lava.psd
  artifactKey: Guid(0558276577f39c442b35e84cf2daf46d) Importer(815301076,1909f56bfc062723c751e8b465ee728b)
Start importing Assets/Rounded Blocks/lava.psd using Guid(0558276577f39c442b35e84cf2daf46d) Importer(815301076,1909f56bfc062723c751e8b465ee728b)  -> (artifact id: '7ebed3598272fbbe38d4d10cf956db36') in 0.035555 seconds 
========================================================================
Received Import Request.
  Time since last request: 0.000301 seconds.
  path: Assets/Rounded Blocks/iceCave.png
  artifactKey: Guid(a594253672bad1d47b6abac90bc36c95) Importer(815301076,1909f56bfc062723c751e8b465ee728b)
Start importing Assets/Rounded Blocks/iceCave.png using Guid(a594253672bad1d47b6abac90bc36c95) Importer(815301076,1909f56bfc062723c751e8b465ee728b)  -> (artifact id: '274ce024bdae1ade493b968926e27f9b') in 0.024119 seconds 
========================================================================
Received Import Request.
  Time since last request: 0.000285 seconds.
  path: Assets/Audio/Assets_Audio_Checkpoint.wav
  artifactKey: Guid(f8af2515789e9974c8d1101bcbd1c483) Importer(815301076,1909f56bfc062723c751e8b465ee728b)
Start importing Assets/Audio/Assets_Audio_Checkpoint.wav using Guid(f8af2515789e9974c8d1101bcbd1c483) Importer(815301076,1909f56bfc062723c751e8b465ee728b)  -> (artifact id: '1f4f0aa2ba18a98f9ff56fdaead41209') in 0.032324 seconds 
========================================================================
Received Import Request.
  Time since last request: 0.000261 seconds.
  path: Assets/Audio/Assets_Audio_Level Completed.wav
  artifactKey: Guid(df6a8a720fb03ab43a7461dad631407a) Importer(815301076,1909f56bfc062723c751e8b465ee728b)
Start importing Assets/Audio/Assets_Audio_Level Completed.wav using Guid(df6a8a720fb03ab43a7461dad631407a) Importer(815301076,1909f56bfc062723c751e8b465ee728b)  -> (artifact id: 'b8433aed779ff019f25e4962b3dacb8f') in 0.054597 seconds 
========================================================================
Received Import Request.
  Time since last request: 0.000297 seconds.
  path: Assets/Rounded Blocks/lava.png
  artifactKey: Guid(3af0bf9da0dc45649b9bb7a0745d4661) Importer(815301076,1909f56bfc062723c751e8b465ee728b)
Start importing Assets/Rounded Blocks/lava.png using Guid(3af0bf9da0dc45649b9bb7a0745d4661) Importer(815301076,1909f56bfc062723c751e8b465ee728b)  -> (artifact id: 'f16ed6a9025ffcc28b8063456d639e18') in 0.023642 seconds 
========================================================================
Received Import Request.
  Time since last request: 0.000300 seconds.
  path: Assets/Rounded Blocks/ground.png
  artifactKey: Guid(318fab98dd4411744a4baad2e233491a) Importer(815301076,1909f56bfc062723c751e8b465ee728b)
Start importing Assets/Rounded Blocks/ground.png using Guid(318fab98dd4411744a4baad2e233491a) Importer(815301076,1909f56bfc062723c751e8b465ee728b)  -> (artifact id: 'acc8a35044589a28ca5be470afa6e75a') in 0.091909 seconds 
========================================================================
Received Prepare
Registering precompiled user dll's ...
Registered in 0.282348 seconds.
Begin MonoManager ReloadAssembly
Symbol file LoadedFromMemory doesn't match image C:\Users\Malina_Jakub\Documents\GitHub\JumpoGameFinal\Library\PackageCache\com.unity.visualscripting@1.6.1\Editor\VisualScripting.Core\Dependencies\YamlDotNet\Unity.VisualScripting.YamlDotNet.dll
Symbol file LoadedFromMemory doesn't match image C:\Users\Malina_Jakub\Documents\GitHub\JumpoGameFinal\Library\PackageCache\com.unity.visualscripting@1.6.1\Editor\VisualScripting.Core\Dependencies\DotNetZip\Unity.VisualScripting.IonicZip.dll
Native extension for WindowsStandalone target not found
Refreshing native plugins compatible for Editor in 1.04 ms, found 4 plugins.
Preloading 0 native plugins for Editor in 0.00 ms.
Mono: successfully reloaded assembly
- Completed reload, in  1.162 seconds
Domain Reload Profiling:
	ReloadAssembly (1162ms)
		BeginReloadAssembly (122ms)
			ExecutionOrderSort (0ms)
			DisableScriptedObjects (6ms)
			BackupInstance (0ms)
			ReleaseScriptingObjects (0ms)
			CreateAndSetChildDomain (42ms)
		EndReloadAssembly (986ms)
			LoadAssemblies (97ms)
			RebuildTransferFunctionScriptingTraits (0ms)
			SetupTypeCache (345ms)
			ReleaseScriptCaches (1ms)
			RebuildScriptCaches (45ms)
			SetupLoadedEditorAssemblies (328ms)
				LogAssemblyErrors (0ms)
				InitializePlatformSupportModulesInManaged (4ms)
				SetLoadedEditorAssemblies (0ms)
				RefreshPlugins (1ms)
				BeforeProcessingInitializeOnLoad (61ms)
				ProcessInitializeOnLoadAttributes (247ms)
				ProcessInitializeOnLoadMethodAttributes (9ms)
				AfterProcessingInitializeOnLoad (5ms)
				EditorAssembliesLoaded (0ms)
			ExecutionOrderSort2 (0ms)
			AwakeInstancesAfterBackupRestoration (18ms)
Platform modules already initialized, skipping
Refreshing native plugins compatible for Editor in 2.23 ms, found 4 plugins.
Preloading 0 native plugins for Editor in 0.00 ms.
Unloading 4147 Unused Serialized files (Serialized files now loaded: 0)
System memory in use before: 166.4 MB.
System memory in use after: 166.7 MB.

Unloading 19 unused Assets to reduce memory usage. Loaded Objects now: 4907.
Total: 4.379745 ms (FindLiveObjects: 0.450487 ms CreateObjectMapping: 0.288458 ms MarkObjects: 3.607557 ms  DeleteObjects: 0.031935 ms)

AssetImportParameters requested are different than current active one (requested -> active):
  custom:framework-win-MediaFoundation: 216162199b28c13a410421893ffa2e32 -> 
  custom:video-decoder-ogg-theora: a1e56fd34408186e4bbccfd4996cb3dc -> 
  custom:container-muxer-webm: aa71ff27fc2769a1b78a27578f13a17b -> 
  custom:container-demuxer-webm: 4f35f7cbe854078d1ac9338744f61a02 -> 
  custom:container-demuxer-ogg: 62fdf1f143b41e24485cea50d1cbac27 -> 
  custom:video-encoder-webm-vp8: eb34c28f22e8b96e1ab97ce403110664 -> 
  custom:video-decoder-webm-vp8: 9c59270c3fd7afecdb556c50c9e8de78 -> 
  custom:audio-decoder-ogg-vorbis: bf7c407c2cedff20999df2af8eb42d56 -> 
  custom:audio-encoder-webm-vorbis: bf7c407c2cedff20999df2af8eb42d56 -> 
========================================================================
Received Prepare
Registering precompiled user dll's ...
Registered in 0.005837 seconds.
Begin MonoManager ReloadAssembly
Symbol file LoadedFromMemory doesn't match image C:\Users\Malina_Jakub\Documents\GitHub\JumpoGameFinal\Library\PackageCache\com.unity.visualscripting@1.6.1\Editor\VisualScripting.Core\Dependencies\YamlDotNet\Unity.VisualScripting.YamlDotNet.dll
Symbol file LoadedFromMemory doesn't match image C:\Users\Malina_Jakub\Documents\GitHub\JumpoGameFinal\Library\PackageCache\com.unity.visualscripting@1.6.1\Editor\VisualScripting.Core\Dependencies\DotNetZip\Unity.VisualScripting.IonicZip.dll
Native extension for WindowsStandalone target not found
Refreshing native plugins compatible for Editor in 5.60 ms, found 4 plugins.
Preloading 0 native plugins for Editor in 0.00 ms.
Mono: successfully reloaded assembly
- Completed reload, in 36.994 seconds
Domain Reload Profiling:
	ReloadAssembly (36996ms)
		BeginReloadAssembly (14869ms)
			ExecutionOrderSort (0ms)
			DisableScriptedObjects (13ms)
			BackupInstance (0ms)
			ReleaseScriptingObjects (0ms)
			CreateAndSetChildDomain (118ms)
		EndReloadAssembly (21525ms)
			LoadAssemblies (25313ms)
			RebuildTransferFunctionScriptingTraits (0ms)
			SetupTypeCache (3531ms)
			ReleaseScriptCaches (20ms)
			RebuildScriptCaches (665ms)
			SetupLoadedEditorAssemblies (4315ms)
				LogAssemblyErrors (0ms)
				InitializePlatformSupportModulesInManaged (59ms)
				SetLoadedEditorAssemblies (5ms)
				RefreshPlugins (6ms)
				BeforeProcessingInitializeOnLoad (698ms)
				ProcessInitializeOnLoadAttributes (3305ms)
				ProcessInitializeOnLoadMethodAttributes (116ms)
				AfterProcessingInitializeOnLoad (124ms)
				EditorAssembliesLoaded (2ms)
			ExecutionOrderSort2 (0ms)
			AwakeInstancesAfterBackupRestoration (216ms)
Platform modules already initialized, skipping
Refreshing native plugins compatible for Editor in 1.03 ms, found 4 plugins.
Preloading 0 native plugins for Editor in 0.00 ms.
Unloading 4128 Unused Serialized files (Serialized files now loaded: 0)
System memory in use before: 165.7 MB.
System memory in use after: 165.9 MB.

Unloading 19 unused Assets to reduce memory usage. Loaded Objects now: 4910.
Total: 6.811482 ms (FindLiveObjects: 0.548646 ms CreateObjectMapping: 0.399444 ms MarkObjects: 5.819417 ms  DeleteObjects: 0.041881 ms)

AssetImportParameters requested are different than current active one (requested -> active):
  custom:framework-win-MediaFoundation: 216162199b28c13a410421893ffa2e32 -> 
  custom:video-decoder-ogg-theora: a1e56fd34408186e4bbccfd4996cb3dc -> 
  custom:container-muxer-webm: aa71ff27fc2769a1b78a27578f13a17b -> 
  custom:container-demuxer-webm: 4f35f7cbe854078d1ac9338744f61a02 -> 
  custom:container-demuxer-ogg: 62fdf1f143b41e24485cea50d1cbac27 -> 
  custom:video-encoder-webm-vp8: eb34c28f22e8b96e1ab97ce403110664 -> 
  custom:video-decoder-webm-vp8: 9c59270c3fd7afecdb556c50c9e8de78 -> 
  custom:audio-decoder-ogg-vorbis: bf7c407c2cedff20999df2af8eb42d56 -> 
  custom:audio-encoder-webm-vorbis: bf7c407c2cedff20999df2af8eb42d56 -> 
========================================================================
Received Prepare
Registering precompiled user dll's ...
Registered in 0.166402 seconds.
Begin MonoManager ReloadAssembly
Symbol file LoadedFromMemory doesn't match image C:\Users\Malina_Jakub\Documents\GitHub\JumpoGameFinal\Library\PackageCache\com.unity.visualscripting@1.6.1\Editor\VisualScripting.Core\Dependencies\YamlDotNet\Unity.VisualScripting.YamlDotNet.dll
Symbol file LoadedFromMemory doesn't match image C:\Users\Malina_Jakub\Documents\GitHub\JumpoGameFinal\Library\PackageCache\com.unity.visualscripting@1.6.1\Editor\VisualScripting.Core\Dependencies\DotNetZip\Unity.VisualScripting.IonicZip.dll
Native extension for WindowsStandalone target not found
Refreshing native plugins compatible for Editor in 1.05 ms, found 4 plugins.
Preloading 0 native plugins for Editor in 0.00 ms.
Mono: successfully reloaded assembly
- Completed reload, in  7.241 seconds
Domain Reload Profiling:
	ReloadAssembly (7241ms)
		BeginReloadAssembly (2247ms)
			ExecutionOrderSort (0ms)
			DisableScriptedObjects (9ms)
			BackupInstance (0ms)
			ReleaseScriptingObjects (0ms)
			CreateAndSetChildDomain (41ms)
		EndReloadAssembly (4938ms)
			LoadAssemblies (6171ms)
			RebuildTransferFunctionScriptingTraits (0ms)
			SetupTypeCache (347ms)
			ReleaseScriptCaches (1ms)
			RebuildScriptCaches (46ms)
			SetupLoadedEditorAssemblies (352ms)
				LogAssemblyErrors (0ms)
				InitializePlatformSupportModulesInManaged (4ms)
				SetLoadedEditorAssemblies (0ms)
				RefreshPlugins (1ms)
				BeforeProcessingInitializeOnLoad (64ms)
				ProcessInitializeOnLoadAttributes (268ms)
				ProcessInitializeOnLoadMethodAttributes (9ms)
				AfterProcessingInitializeOnLoad (5ms)
				EditorAssembliesLoaded (0ms)
			ExecutionOrderSort2 (0ms)
			AwakeInstancesAfterBackupRestoration (17ms)
Platform modules already initialized, skipping
Refreshing native plugins compatible for Editor in 1.64 ms, found 4 plugins.
Preloading 0 native plugins for Editor in 0.00 ms.
Unloading 4128 Unused Serialized files (Serialized files now loaded: 0)
System memory in use before: 165.7 MB.
System memory in use after: 166.0 MB.

Unloading 19 unused Assets to reduce memory usage. Loaded Objects now: 4913.
Total: 8.036250 ms (FindLiveObjects: 0.738421 ms CreateObjectMapping: 0.635288 ms MarkObjects: 6.618566 ms  DeleteObjects: 0.042143 ms)

AssetImportParameters requested are different than current active one (requested -> active):
  custom:framework-win-MediaFoundation: 216162199b28c13a410421893ffa2e32 -> 
  custom:video-decoder-ogg-theora: a1e56fd34408186e4bbccfd4996cb3dc -> 
  custom:container-muxer-webm: aa71ff27fc2769a1b78a27578f13a17b -> 
  custom:container-demuxer-webm: 4f35f7cbe854078d1ac9338744f61a02 -> 
  custom:container-demuxer-ogg: 62fdf1f143b41e24485cea50d1cbac27 -> 
  custom:video-encoder-webm-vp8: eb34c28f22e8b96e1ab97ce403110664 -> 
  custom:video-decoder-webm-vp8: 9c59270c3fd7afecdb556c50c9e8de78 -> 
  custom:audio-decoder-ogg-vorbis: bf7c407c2cedff20999df2af8eb42d56 -> 
  custom:audio-encoder-webm-vorbis: bf7c407c2cedff20999df2af8eb42d56 -> 
========================================================================
Received Prepare
Registering precompiled user dll's ...
Registered in 0.193710 seconds.
Begin MonoManager ReloadAssembly
Symbol file LoadedFromMemory doesn't match image C:\Users\Malina_Jakub\Documents\GitHub\JumpoGameFinal\Library\PackageCache\com.unity.visualscripting@1.6.1\Editor\VisualScripting.Core\Dependencies\YamlDotNet\Unity.VisualScripting.YamlDotNet.dll
Symbol file LoadedFromMemory doesn't match image C:\Users\Malina_Jakub\Documents\GitHub\JumpoGameFinal\Library\PackageCache\com.unity.visualscripting@1.6.1\Editor\VisualScripting.Core\Dependencies\DotNetZip\Unity.VisualScripting.IonicZip.dll
Native extension for WindowsStandalone target not found
Refreshing native plugins compatible for Editor in 1.46 ms, found 4 plugins.
Preloading 0 native plugins for Editor in 0.00 ms.
Mono: successfully reloaded assembly
- Completed reload, in  8.220 seconds
Domain Reload Profiling:
	ReloadAssembly (8220ms)
		BeginReloadAssembly (2626ms)
			ExecutionOrderSort (0ms)
			DisableScriptedObjects (12ms)
			BackupInstance (0ms)
			ReleaseScriptingObjects (0ms)
			CreateAndSetChildDomain (48ms)
		EndReloadAssembly (5524ms)
			LoadAssemblies (6929ms)
			RebuildTransferFunctionScriptingTraits (0ms)
			SetupTypeCache (445ms)
			ReleaseScriptCaches (1ms)
			RebuildScriptCaches (50ms)
			SetupLoadedEditorAssemblies (407ms)
				LogAssemblyErrors (0ms)
				InitializePlatformSupportModulesInManaged (5ms)
				SetLoadedEditorAssemblies (0ms)
				RefreshPlugins (2ms)
				BeforeProcessingInitializeOnLoad (72ms)
				ProcessInitializeOnLoadAttributes (311ms)
				ProcessInitializeOnLoadMethodAttributes (11ms)
				AfterProcessingInitializeOnLoad (6ms)
				EditorAssembliesLoaded (0ms)
			ExecutionOrderSort2 (0ms)
			AwakeInstancesAfterBackupRestoration (19ms)
Platform modules already initialized, skipping
Refreshing native plugins compatible for Editor in 1.69 ms, found 4 plugins.
Preloading 0 native plugins for Editor in 0.00 ms.
Unloading 4128 Unused Serialized files (Serialized files now loaded: 0)
System memory in use before: 165.7 MB.
System memory in use after: 166.0 MB.

Unloading 19 unused Assets to reduce memory usage. Loaded Objects now: 4916.
Total: 7.320341 ms (FindLiveObjects: 0.611468 ms CreateObjectMapping: 0.463836 ms MarkObjects: 6.204464 ms  DeleteObjects: 0.038479 ms)

AssetImportParameters requested are different than current active one (requested -> active):
  custom:framework-win-MediaFoundation: 216162199b28c13a410421893ffa2e32 -> 
  custom:video-decoder-ogg-theora: a1e56fd34408186e4bbccfd4996cb3dc -> 
  custom:container-muxer-webm: aa71ff27fc2769a1b78a27578f13a17b -> 
  custom:container-demuxer-webm: 4f35f7cbe854078d1ac9338744f61a02 -> 
  custom:container-demuxer-ogg: 62fdf1f143b41e24485cea50d1cbac27 -> 
  custom:video-encoder-webm-vp8: eb34c28f22e8b96e1ab97ce403110664 -> 
  custom:video-decoder-webm-vp8: 9c59270c3fd7afecdb556c50c9e8de78 -> 
  custom:audio-decoder-ogg-vorbis: bf7c407c2cedff20999df2af8eb42d56 -> 
  custom:audio-encoder-webm-vorbis: bf7c407c2cedff20999df2af8eb42d56 -> 
========================================================================
Received Prepare
Registering precompiled user dll's ...
Registered in 0.190383 seconds.
Begin MonoManager ReloadAssembly
Symbol file LoadedFromMemory doesn't match image C:\Users\Malina_Jakub\Documents\GitHub\JumpoGameFinal\Library\PackageCache\com.unity.visualscripting@1.6.1\Editor\VisualScripting.Core\Dependencies\YamlDotNet\Unity.VisualScripting.YamlDotNet.dll
Symbol file LoadedFromMemory doesn't match image C:\Users\Malina_Jakub\Documents\GitHub\JumpoGameFinal\Library\PackageCache\com.unity.visualscripting@1.6.1\Editor\VisualScripting.Core\Dependencies\DotNetZip\Unity.VisualScripting.IonicZip.dll
Native extension for WindowsStandalone target not found
Refreshing native plugins compatible for Editor in 1.53 ms, found 4 plugins.
Preloading 0 native plugins for Editor in 0.00 ms.
Mono: successfully reloaded assembly
- Completed reload, in  3.468 seconds
Domain Reload Profiling:
	ReloadAssembly (3469ms)
		BeginReloadAssembly (359ms)
			ExecutionOrderSort (0ms)
			DisableScriptedObjects (31ms)
			BackupInstance (0ms)
			ReleaseScriptingObjects (0ms)
			CreateAndSetChildDomain (114ms)
		EndReloadAssembly (2944ms)
			LoadAssemblies (319ms)
			RebuildTransferFunctionScriptingTraits (0ms)
			SetupTypeCache (1098ms)
			ReleaseScriptCaches (4ms)
			RebuildScriptCaches (163ms)
			SetupLoadedEditorAssemblies (1018ms)
				LogAssemblyErrors (0ms)
				InitializePlatformSupportModulesInManaged (14ms)
				SetLoadedEditorAssemblies (2ms)
				RefreshPlugins (2ms)
				BeforeProcessingInitializeOnLoad (166ms)
				ProcessInitializeOnLoadAttributes (789ms)
				ProcessInitializeOnLoadMethodAttributes (29ms)
				AfterProcessingInitializeOnLoad (16ms)
				EditorAssembliesLoaded (1ms)
			ExecutionOrderSort2 (0ms)
			AwakeInstancesAfterBackupRestoration (56ms)
Platform modules already initialized, skipping
Refreshing native plugins compatible for Editor in 1.66 ms, found 4 plugins.
Preloading 0 native plugins for Editor in 0.00 ms.
Unloading 4128 Unused Serialized files (Serialized files now loaded: 0)
System memory in use before: 165.7 MB.
System memory in use after: 166.0 MB.

Unloading 19 unused Assets to reduce memory usage. Loaded Objects now: 4919.
Total: 6.364922 ms (FindLiveObjects: 0.546814 ms CreateObjectMapping: 0.392638 ms MarkObjects: 5.380710 ms  DeleteObjects: 0.042143 ms)

AssetImportParameters requested are different than current active one (requested -> active):
  custom:framework-win-MediaFoundation: 216162199b28c13a410421893ffa2e32 -> 
  custom:video-decoder-ogg-theora: a1e56fd34408186e4bbccfd4996cb3dc -> 
  custom:container-muxer-webm: aa71ff27fc2769a1b78a27578f13a17b -> 
  custom:container-demuxer-webm: 4f35f7cbe854078d1ac9338744f61a02 -> 
  custom:container-demuxer-ogg: 62fdf1f143b41e24485cea50d1cbac27 -> 
  custom:video-encoder-webm-vp8: eb34c28f22e8b96e1ab97ce403110664 -> 
  custom:video-decoder-webm-vp8: 9c59270c3fd7afecdb556c50c9e8de78 -> 
  custom:audio-decoder-ogg-vorbis: bf7c407c2cedff20999df2af8eb42d56 -> 
  custom:audio-encoder-webm-vorbis: bf7c407c2cedff20999df2af8eb42d56 -> 
========================================================================
Received Prepare
Registering precompiled user dll's ...
Registered in 0.006482 seconds.
Begin MonoManager ReloadAssembly
Symbol file LoadedFromMemory doesn't match image C:\Users\Malina_Jakub\Documents\GitHub\JumpoGameFinal\Library\PackageCache\com.unity.visualscripting@1.6.1\Editor\VisualScripting.Core\Dependencies\YamlDotNet\Unity.VisualScripting.YamlDotNet.dll
Symbol file LoadedFromMemory doesn't match image C:\Users\Malina_Jakub\Documents\GitHub\JumpoGameFinal\Library\PackageCache\com.unity.visualscripting@1.6.1\Editor\VisualScripting.Core\Dependencies\DotNetZip\Unity.VisualScripting.IonicZip.dll
Native extension for WindowsStandalone target not found
Refreshing native plugins compatible for Editor in 1.47 ms, found 4 plugins.
Preloading 0 native plugins for Editor in 0.00 ms.
Mono: successfully reloaded assembly
- Completed reload, in  1.359 seconds
Domain Reload Profiling:
	ReloadAssembly (1360ms)
		BeginReloadAssembly (144ms)
			ExecutionOrderSort (0ms)
			DisableScriptedObjects (9ms)
			BackupInstance (0ms)
			ReleaseScriptingObjects (0ms)
			CreateAndSetChildDomain (43ms)
		EndReloadAssembly (1159ms)
			LoadAssemblies (119ms)
			RebuildTransferFunctionScriptingTraits (0ms)
			SetupTypeCache (444ms)
			ReleaseScriptCaches (2ms)
			RebuildScriptCaches (63ms)
			SetupLoadedEditorAssemblies (401ms)
				LogAssemblyErrors (0ms)
				InitializePlatformSupportModulesInManaged (5ms)
				SetLoadedEditorAssemblies (0ms)
				RefreshPlugins (2ms)
				BeforeProcessingInitializeOnLoad (68ms)
				ProcessInitializeOnLoadAttributes (310ms)
				ProcessInitializeOnLoadMethodAttributes (10ms)
				AfterProcessingInitializeOnLoad (5ms)
				EditorAssembliesLoaded (0ms)
			ExecutionOrderSort2 (0ms)
			AwakeInstancesAfterBackupRestoration (23ms)
Platform modules already initialized, skipping
Refreshing native plugins compatible for Editor in 1.67 ms, found 4 plugins.
Preloading 0 native plugins for Editor in 0.00 ms.
Unloading 4128 Unused Serialized files (Serialized files now loaded: 0)
System memory in use before: 165.8 MB.
System memory in use after: 166.0 MB.

Unloading 19 unused Assets to reduce memory usage. Loaded Objects now: 4922.
Total: 6.584014 ms (FindLiveObjects: 0.744180 ms CreateObjectMapping: 0.447607 ms MarkObjects: 5.342755 ms  DeleteObjects: 0.047117 ms)

AssetImportParameters requested are different than current active one (requested -> active):
  custom:framework-win-MediaFoundation: 216162199b28c13a410421893ffa2e32 -> 
  custom:video-decoder-ogg-theora: a1e56fd34408186e4bbccfd4996cb3dc -> 
  custom:container-muxer-webm: aa71ff27fc2769a1b78a27578f13a17b -> 
  custom:container-demuxer-webm: 4f35f7cbe854078d1ac9338744f61a02 -> 
  custom:container-demuxer-ogg: 62fdf1f143b41e24485cea50d1cbac27 -> 
  custom:video-encoder-webm-vp8: eb34c28f22e8b96e1ab97ce403110664 -> 
  custom:video-decoder-webm-vp8: 9c59270c3fd7afecdb556c50c9e8de78 -> 
  custom:audio-decoder-ogg-vorbis: bf7c407c2cedff20999df2af8eb42d56 -> 
  custom:audio-encoder-webm-vorbis: bf7c407c2cedff20999df2af8eb42d56 -> 
========================================================================
Received Import Request.
  Time since last request: 1804.332361 seconds.
  path: Assets/TooCubeForest/backgrounds/BG_cave2_1024.png
  artifactKey: Guid(9c82b6ad87c042348aacc81b6fadcc87) Importer(815301076,1909f56bfc062723c751e8b465ee728b)
Start importing Assets/TooCubeForest/backgrounds/BG_cave2_1024.png using Guid(9c82b6ad87c042348aacc81b6fadcc87) Importer(815301076,1909f56bfc062723c751e8b465ee728b)  -> (artifact id: '7bd2ece1fbb63ee94fadc3ae3373591c') in 0.133867 seconds 
========================================================================
Received Import Request.
  Time since last request: 0.000307 seconds.
  path: Assets/TooCubeForest/backgrounds/BG_cave_1024.png
  artifactKey: Guid(04aa30e7bae8e5c4bb6718fe6142845d) Importer(815301076,1909f56bfc062723c751e8b465ee728b)
Start importing Assets/TooCubeForest/backgrounds/BG_cave_1024.png using Guid(04aa30e7bae8e5c4bb6718fe6142845d) Importer(815301076,1909f56bfc062723c751e8b465ee728b)  -> (artifact id: 'd0367c58adb9fdd186b873c70098f5d3') in 0.072698 seconds 
========================================================================
Received Import Request.
  Time since last request: 0.000310 seconds.
  path: Assets/TooCubeForest/backgrounds/BG_mountains_night_1024.png
  artifactKey: Guid(a0c207a4ed112f043ad721e46b8cdd26) Importer(815301076,1909f56bfc062723c751e8b465ee728b)
Start importing Assets/TooCubeForest/backgrounds/BG_mountains_night_1024.png using Guid(a0c207a4ed112f043ad721e46b8cdd26) Importer(815301076,1909f56bfc062723c751e8b465ee728b)  -> (artifact id: '7fa2f65ab402d5ee72d5816d86b7caf3') in 0.050752 seconds 
========================================================================
Received Import Request.
  Time since last request: 0.000281 seconds.
  path: Assets/TooCubeForest/backgrounds/BG_volcano_1024.png
  artifactKey: Guid(36097b5693c0714478ffc6273a352644) Importer(815301076,1909f56bfc062723c751e8b465ee728b)
Start importing Assets/TooCubeForest/backgrounds/BG_volcano_1024.png using Guid(36097b5693c0714478ffc6273a352644) Importer(815301076,1909f56bfc062723c751e8b465ee728b)  -> (artifact id: '96e71fa8173e562a33e8fcbf1e674d09') in 0.033989 seconds 
========================================================================
Received Import Request.
  Time since last request: 0.000255 seconds.
  path: Assets/TooCubeForest/backgrounds/BG_mountains_night2_1024.png
  artifactKey: Guid(195dc6169a79d9b40a580b28beadfec9) Importer(815301076,1909f56bfc062723c751e8b465ee728b)
Start importing Assets/TooCubeForest/backgrounds/BG_mountains_night2_1024.png using Guid(195dc6169a79d9b40a580b28beadfec9) Importer(815301076,1909f56bfc062723c751e8b465ee728b)  -> (artifact id: '2f03db2a1473be29d4cb0c3540310625') in 0.031975 seconds 
========================================================================
Received Import Request.
  Time since last request: 0.000246 seconds.
  path: Assets/TooCubeForest/backgrounds/BG_desert_sunset_1024.png
  artifactKey: Guid(2d90c333e68fff641828864d6667fda6) Importer(815301076,1909f56bfc062723c751e8b465ee728b)
Start importing Assets/TooCubeForest/backgrounds/BG_desert_sunset_1024.png using Guid(2d90c333e68fff641828864d6667fda6) Importer(815301076,1909f56bfc062723c751e8b465ee728b)  -> (artifact id: '72ac0f316c30aca64901d9a3bc06f9b4') in 0.054494 seconds 
========================================================================
Received Import Request.
  Time since last request: 0.000287 seconds.
  path: Assets/TooCubeForest/backgrounds/BG_mountains_sunset2_1024.png
  artifactKey: Guid(6265ba6951791254e938e2f05b5ba295) Importer(815301076,1909f56bfc062723c751e8b465ee728b)
Start importing Assets/TooCubeForest/backgrounds/BG_mountains_sunset2_1024.png using Guid(6265ba6951791254e938e2f05b5ba295) Importer(815301076,1909f56bfc062723c751e8b465ee728b)  -> (artifact id: '1c48584c4da6022b39b82da973d3f690') in 0.070284 seconds 
========================================================================
Received Import Request.
  Time since last request: 0.000306 seconds.
  path: Assets/TooCubeForest/backgrounds/BG_desert_noon_1024.png
  artifactKey: Guid(a598f16cb39deca46afe562898e1deec) Importer(815301076,1909f56bfc062723c751e8b465ee728b)
Start importing Assets/TooCubeForest/backgrounds/BG_desert_noon_1024.png using Guid(a598f16cb39deca46afe562898e1deec) Importer(815301076,1909f56bfc062723c751e8b465ee728b)  -> (artifact id: '32ae831e4bbf02e79a0b5fbfb12d2c02') in 0.041355 seconds 
========================================================================
Received Import Request.
  Time since last request: 0.000250 seconds.
  path: Assets/TooCubeForest/backgrounds/BG_desert_night2_1024.png
  artifactKey: Guid(6a8a8fb6953cc4f45a25c7b27f799696) Importer(815301076,1909f56bfc062723c751e8b465ee728b)
Start importing Assets/TooCubeForest/backgrounds/BG_desert_night2_1024.png using Guid(6a8a8fb6953cc4f45a25c7b27f799696) Importer(815301076,1909f56bfc062723c751e8b465ee728b)  -> (artifact id: '8288ba36109b15f5e0d71215ee873e18') in 0.052321 seconds 
========================================================================
Received Import Request.
  Time since last request: 0.000305 seconds.
  path: Assets/TooCubeForest/backgrounds/BG_desert_night_1024.png
  artifactKey: Guid(2f5578e12e77c8e4688c963de6419e99) Importer(815301076,1909f56bfc062723c751e8b465ee728b)
Start importing Assets/TooCubeForest/backgrounds/BG_desert_night_1024.png using Guid(2f5578e12e77c8e4688c963de6419e99) Importer(815301076,1909f56bfc062723c751e8b465ee728b)  -> (artifact id: '24bef8946b5a29108849954344bd83c9') in 0.065493 seconds 
========================================================================
Received Import Request.
  Time since last request: 0.000248 seconds.
  path: Assets/TooCubeForest/backgrounds/BG_mountains_noon_1024.png
  artifactKey: Guid(9868806c4e6cbac43b1fe129e8d1e8e7) Importer(815301076,1909f56bfc062723c751e8b465ee728b)
Start importing Assets/TooCubeForest/backgrounds/BG_mountains_noon_1024.png using Guid(9868806c4e6cbac43b1fe129e8d1e8e7) Importer(815301076,1909f56bfc062723c751e8b465ee728b)  -> (artifact id: 'c992640d8807581c14cbb7c0e8dbe2fb') in 0.041156 seconds 
========================================================================
Received Import Request.
  Time since last request: 0.000237 seconds.
  path: Assets/TooCubeForest/backgrounds/BG_desert_noon2_1024.png
  artifactKey: Guid(a1238f3300f40aa41934c025c0d9a8aa) Importer(815301076,1909f56bfc062723c751e8b465ee728b)
Start importing Assets/TooCubeForest/backgrounds/BG_desert_noon2_1024.png using Guid(a1238f3300f40aa41934c025c0d9a8aa) Importer(815301076,1909f56bfc062723c751e8b465ee728b)  -> (artifact id: 'dc83fa2ec88975c6c0929ef36b537183') in 0.032188 seconds 
========================================================================
Received Import Request.
  Time since last request: 0.000231 seconds.
  path: Assets/TooCubeForest/backgrounds/BG_mountains_noon2_1024.png
  artifactKey: Guid(cfae008b2060f7249b9a572ecbd3b4eb) Importer(815301076,1909f56bfc062723c751e8b465ee728b)
Start importing Assets/TooCubeForest/backgrounds/BG_mountains_noon2_1024.png using Guid(cfae008b2060f7249b9a572ecbd3b4eb) Importer(815301076,1909f56bfc062723c751e8b465ee728b)  -> (artifact id: '8d32403320fdef0b251668373954e64a') in 0.060941 seconds 
========================================================================
Received Import Request.
  Time since last request: 0.000292 seconds.
  path: Assets/TooCubeForest/backgrounds/BG_mountains_sunset_1024.png
  artifactKey: Guid(b147266f8e2d8e849ad06136e78d4e77) Importer(815301076,1909f56bfc062723c751e8b465ee728b)
Start importing Assets/TooCubeForest/backgrounds/BG_mountains_sunset_1024.png using Guid(b147266f8e2d8e849ad06136e78d4e77) Importer(815301076,1909f56bfc062723c751e8b465ee728b)  -> (artifact id: '9cdb2307f8bcfd126acd53d779ab6b8a') in 0.119851 seconds 
========================================================================
Received Import Request.
  Time since last request: 0.000618 seconds.
  path: Assets/TooCubeForest/backgrounds/BG_volcano2_1024.png
  artifactKey: Guid(390ca6124ba223c488d39412b0282e59) Importer(815301076,1909f56bfc062723c751e8b465ee728b)
Start importing Assets/TooCubeForest/backgrounds/BG_volcano2_1024.png using Guid(390ca6124ba223c488d39412b0282e59) Importer(815301076,1909f56bfc062723c751e8b465ee728b)  -> (artifact id: 'e26ada31a77e51f1f37a6e6d868cc926') in 0.047896 seconds 
========================================================================
Received Import Request.
  Time since last request: 0.000258 seconds.
  path: Assets/TooCubeForest/backgrounds/BG_desert_sunset2_1024.png
  artifactKey: Guid(1e2b7811d7a677c4bb1497bfa962dc43) Importer(815301076,1909f56bfc062723c751e8b465ee728b)
Start importing Assets/TooCubeForest/backgrounds/BG_desert_sunset2_1024.png using Guid(1e2b7811d7a677c4bb1497bfa962dc43) Importer(815301076,1909f56bfc062723c751e8b465ee728b)  -> (artifact id: '97033ea77c202456b0e26760204de0bc') in 0.042585 seconds 
========================================================================
Received Prepare
Registering precompiled user dll's ...
Registered in 0.005846 seconds.
Begin MonoManager ReloadAssembly
Symbol file LoadedFromMemory doesn't match image C:\Users\Malina_Jakub\Documents\GitHub\JumpoGameFinal\Library\PackageCache\com.unity.visualscripting@1.6.1\Editor\VisualScripting.Core\Dependencies\YamlDotNet\Unity.VisualScripting.YamlDotNet.dll
Symbol file LoadedFromMemory doesn't match image C:\Users\Malina_Jakub\Documents\GitHub\JumpoGameFinal\Library\PackageCache\com.unity.visualscripting@1.6.1\Editor\VisualScripting.Core\Dependencies\DotNetZip\Unity.VisualScripting.IonicZip.dll
Native extension for WindowsStandalone target not found
Refreshing native plugins compatible for Editor in 0.96 ms, found 4 plugins.
Preloading 0 native plugins for Editor in 0.00 ms.
Mono: successfully reloaded assembly
- Completed reload, in  1.122 seconds
Domain Reload Profiling:
	ReloadAssembly (1122ms)
		BeginReloadAssembly (119ms)
			ExecutionOrderSort (0ms)
			DisableScriptedObjects (8ms)
			BackupInstance (0ms)
			ReleaseScriptingObjects (0ms)
			CreateAndSetChildDomain (37ms)
		EndReloadAssembly (950ms)
			LoadAssemblies (110ms)
			RebuildTransferFunctionScriptingTraits (0ms)
			SetupTypeCache (344ms)
			ReleaseScriptCaches (1ms)
			RebuildScriptCaches (45ms)
			SetupLoadedEditorAssemblies (325ms)
				LogAssemblyErrors (0ms)
				InitializePlatformSupportModulesInManaged (4ms)
				SetLoadedEditorAssemblies (0ms)
				RefreshPlugins (1ms)
				BeforeProcessingInitializeOnLoad (62ms)
				ProcessInitializeOnLoadAttributes (243ms)
				ProcessInitializeOnLoadMethodAttributes (9ms)
				AfterProcessingInitializeOnLoad (5ms)
				EditorAssembliesLoaded (0ms)
			ExecutionOrderSort2 (0ms)
			AwakeInstancesAfterBackupRestoration (18ms)
Platform modules already initialized, skipping
Refreshing native plugins compatible for Editor in 1.73 ms, found 4 plugins.
Preloading 0 native plugins for Editor in 0.00 ms.
Unloading 4144 Unused Serialized files (Serialized files now loaded: 0)
System memory in use before: 189.3 MB.
System memory in use after: 189.6 MB.

Unloading 19 unused Assets to reduce memory usage. Loaded Objects now: 5166.
Total: 6.320946 ms (FindLiveObjects: 0.592098 ms CreateObjectMapping: 0.415149 ms MarkObjects: 5.267892 ms  DeleteObjects: 0.044237 ms)

AssetImportParameters requested are different than current active one (requested -> active):
  custom:framework-win-MediaFoundation: 216162199b28c13a410421893ffa2e32 -> 
  custom:video-decoder-ogg-theora: a1e56fd34408186e4bbccfd4996cb3dc -> 
  custom:container-muxer-webm: aa71ff27fc2769a1b78a27578f13a17b -> 
  custom:container-demuxer-webm: 4f35f7cbe854078d1ac9338744f61a02 -> 
  custom:container-demuxer-ogg: 62fdf1f143b41e24485cea50d1cbac27 -> 
  custom:video-encoder-webm-vp8: eb34c28f22e8b96e1ab97ce403110664 -> 
  custom:video-decoder-webm-vp8: 9c59270c3fd7afecdb556c50c9e8de78 -> 
  custom:audio-decoder-ogg-vorbis: bf7c407c2cedff20999df2af8eb42d56 -> 
  custom:audio-encoder-webm-vorbis: bf7c407c2cedff20999df2af8eb42d56 -> 
========================================================================
Received Import Request.
  Time since last request: 66.603724 seconds.
  path: Assets/Scripts/PlayerManager.cs
  artifactKey: Guid(f740f005cac6dfe47924d3351493f62b) Importer(815301076,1909f56bfc062723c751e8b465ee728b)
Start importing Assets/Scripts/PlayerManager.cs using Guid(f740f005cac6dfe47924d3351493f62b) Importer(815301076,1909f56bfc062723c751e8b465ee728b)  -> (artifact id: '8682a092cd1a9ef779c17521f62772bc') in 0.013637 seconds 
========================================================================
Received Import Request.
  Time since last request: 940.664294 seconds.
  path: Assets/Scripts/Coin.cs
  artifactKey: Guid(a44358fd50000034895464f8ce1b418b) Importer(815301076,1909f56bfc062723c751e8b465ee728b)
Start importing Assets/Scripts/Coin.cs using Guid(a44358fd50000034895464f8ce1b418b) Importer(815301076,1909f56bfc062723c751e8b465ee728b)  -> (artifact id: '86ea2ffb9186559a9af30bc6bb880a32') in 0.013795 seconds 
========================================================================
Received Import Request.
  Time since last request: 1027.831383 seconds.
  path: Assets/Scripts/PlayerCollision.cs
  artifactKey: Guid(5db1f6c2ebf02b04b9e0b0a922c508df) Importer(815301076,1909f56bfc062723c751e8b465ee728b)
Start importing Assets/Scripts/PlayerCollision.cs using Guid(5db1f6c2ebf02b04b9e0b0a922c508df) Importer(815301076,1909f56bfc062723c751e8b465ee728b)  -> (artifact id: '013c86691aa2e41d557284a2fc88bae9') in 0.013235 seconds 
========================================================================
Received Import Request.
  Time since last request: 357.996903 seconds.
  path: Assets/Scripts/CheckPoint.cs
  artifactKey: Guid(ef99924c0b5cd9d42966b5fca3eda0ba) Importer(815301076,1909f56bfc062723c751e8b465ee728b)
Start importing Assets/Scripts/CheckPoint.cs using Guid(ef99924c0b5cd9d42966b5fca3eda0ba) Importer(815301076,1909f56bfc062723c751e8b465ee728b)  -> (artifact id: '17e02f6b753c8e553b3ebf635f47cdc4') in 0.014920 seconds 
========================================================================
Received Import Request.
  Time since last request: 11.585311 seconds.
  path: Assets/Scripts/Mace.cs
  artifactKey: Guid(74ee065456a1af24e97f60bc6217516b) Importer(815301076,1909f56bfc062723c751e8b465ee728b)
Start importing Assets/Scripts/Mace.cs using Guid(74ee065456a1af24e97f60bc6217516b) Importer(815301076,1909f56bfc062723c751e8b465ee728b)  -> (artifact id: '19a4dc10d1d7e916c54487878cea0787') in 0.017401 seconds 
========================================================================
Received Import Request.
  Time since last request: 27.490701 seconds.
  path: Assets/Scripts/Parallax.cs
  artifactKey: Guid(4a2b3afbba7ee2a429a5fda9dadd1032) Importer(815301076,1909f56bfc062723c751e8b465ee728b)
Start importing Assets/Scripts/Parallax.cs using Guid(4a2b3afbba7ee2a429a5fda9dadd1032) Importer(815301076,1909f56bfc062723c751e8b465ee728b)  -> (artifact id: 'fab4f0769482182cf1ce66b8e6ae5d88') in 0.012389 seconds 
========================================================================
Received Import Request.
  Time since last request: 4.056896 seconds.
  path: Assets/Scripts/PlayerControls.cs
  artifactKey: Guid(12423cb46f0458049ac6cddd36a3fce3) Importer(815301076,1909f56bfc062723c751e8b465ee728b)
Start importing Assets/Scripts/PlayerControls.cs using Guid(12423cb46f0458049ac6cddd36a3fce3) Importer(815301076,1909f56bfc062723c751e8b465ee728b)  -> (artifact id: 'dac7f3511e404b55d87f7a75c7c99910') in 0.008143 seconds 
========================================================================
Received Import Request.
  Time since last request: 19.724601 seconds.
  path: Assets/Scripts/Saw.cs
  artifactKey: Guid(dce48c5c078c791458ca20287a127f3c) Importer(815301076,1909f56bfc062723c751e8b465ee728b)
Start importing Assets/Scripts/Saw.cs using Guid(dce48c5c078c791458ca20287a127f3c) Importer(815301076,1909f56bfc062723c751e8b465ee728b)  -> (artifact id: '000b16023a628a3c11a1c0f28ccd1612') in 0.013645 seconds 
========================================================================
Received Import Request.
  Time since last request: 8.806528 seconds.
  path: Assets/Scripts/AudioManager.cs
  artifactKey: Guid(90e588002b3c67d4085bce2b6788aea5) Importer(815301076,1909f56bfc062723c751e8b465ee728b)
Start importing Assets/Scripts/AudioManager.cs using Guid(90e588002b3c67d4085bce2b6788aea5) Importer(815301076,1909f56bfc062723c751e8b465ee728b)  -> (artifact id: '4204e73638f02fc670048fdd3d6ac249') in 0.025820 seconds 
